<?xml version="1.0" encoding="UTF-8"?>
<testsuite xmlns:xsi="http://www.w3.org/2001/XMLSchema-instance" xsi:noNamespaceSchemaLocation="https://maven.apache.org/surefire/maven-surefire-plugin/xsd/surefire-test-report.xsd" name="End to End Tests for Book Store" time="4.172" tests="1" errors="0" skipped="0" failures="1">
  <properties>
    <property name="sun.desktop" value="windows"/>
    <property name="awt.toolkit" value="sun.awt.windows.WToolkit"/>
    <property name="file.encoding.pkg" value="sun.io"/>
    <property name="java.specification.version" value="1.8"/>
    <property name="sun.cpu.isalist" value="amd64"/>
    <property name="sun.jnu.encoding" value="Cp1252"/>
    <property name="java.class.path" value="C:\api-cucumber-project\target\test-classes;C:\api-cucumber-project\target\classes;C:\Users\brajendraprasad\.m2\repository\io\cucumber\cucumber-java\5.0.0-RC2\cucumber-java-5.0.0-RC2.jar;C:\Users\brajendraprasad\.m2\repository\io\cucumber\cucumber-core\5.0.0-RC2\cucumber-core-5.0.0-RC2.jar;C:\Users\brajendraprasad\.m2\repository\io\cucumber\gherkin\5.2.0\gherkin-5.2.0.jar;C:\Users\brajendraprasad\.m2\repository\io\cucumber\gherkin-jvm-deps\1.0.6\gherkin-jvm-deps-1.0.6.jar;C:\Users\brajendraprasad\.m2\repository\io\cucumber\tag-expressions\2.0.2\tag-expressions-2.0.2.jar;C:\Users\brajendraprasad\.m2\repository\io\cucumber\cucumber-expressions\8.0.0\cucumber-expressions-8.0.0.jar;C:\Users\brajendraprasad\.m2\repository\org\hamcrest\hamcrest-library\2.1\hamcrest-library-2.1.jar;C:\Users\brajendraprasad\.m2\repository\io\cucumber\datatable\3.0.0\datatable-3.0.0.jar;C:\Users\brajendraprasad\.m2\repository\io\cucumber\datatable-dependencies\3.0.0\datatable-dependencies-3.0.0.jar;C:\Users\brajendraprasad\.m2\repository\io\cucumber\cucumber-plugin\5.0.0-RC2\cucumber-plugin-5.0.0-RC2.jar;C:\Users\brajendraprasad\.m2\repository\io\cucumber\docstring\5.0.0-RC2\docstring-5.0.0-RC2.jar;C:\Users\brajendraprasad\.m2\repository\org\apiguardian\apiguardian-api\1.1.0\apiguardian-api-1.1.0.jar;C:\Users\brajendraprasad\.m2\repository\io\cucumber\cucumber-junit\5.0.0-RC2\cucumber-junit-5.0.0-RC2.jar;C:\Users\brajendraprasad\.m2\repository\junit\junit\4.12\junit-4.12.jar;C:\Users\brajendraprasad\.m2\repository\org\hamcrest\hamcrest-core\1.3\hamcrest-core-1.3.jar;C:\Users\brajendraprasad\.m2\repository\org\seleniumhq\selenium\selenium-java\3.141.59\selenium-java-3.141.59.jar;C:\Users\brajendraprasad\.m2\repository\org\seleniumhq\selenium\selenium-api\3.141.59\selenium-api-3.141.59.jar;C:\Users\brajendraprasad\.m2\repository\org\seleniumhq\selenium\selenium-chrome-driver\3.141.59\selenium-chrome-driver-3.141.59.jar;C:\Users\brajendraprasad\.m2\repository\org\seleniumhq\selenium\selenium-edge-driver\3.141.59\selenium-edge-driver-3.141.59.jar;C:\Users\brajendraprasad\.m2\repository\org\seleniumhq\selenium\selenium-firefox-driver\3.141.59\selenium-firefox-driver-3.141.59.jar;C:\Users\brajendraprasad\.m2\repository\org\seleniumhq\selenium\selenium-ie-driver\3.141.59\selenium-ie-driver-3.141.59.jar;C:\Users\brajendraprasad\.m2\repository\org\seleniumhq\selenium\selenium-opera-driver\3.141.59\selenium-opera-driver-3.141.59.jar;C:\Users\brajendraprasad\.m2\repository\org\seleniumhq\selenium\selenium-remote-driver\3.141.59\selenium-remote-driver-3.141.59.jar;C:\Users\brajendraprasad\.m2\repository\org\seleniumhq\selenium\selenium-safari-driver\3.141.59\selenium-safari-driver-3.141.59.jar;C:\Users\brajendraprasad\.m2\repository\org\seleniumhq\selenium\selenium-support\3.141.59\selenium-support-3.141.59.jar;C:\Users\brajendraprasad\.m2\repository\net\bytebuddy\byte-buddy\1.8.15\byte-buddy-1.8.15.jar;C:\Users\brajendraprasad\.m2\repository\org\apache\commons\commons-exec\1.3\commons-exec-1.3.jar;C:\Users\brajendraprasad\.m2\repository\com\google\guava\guava\25.0-jre\guava-25.0-jre.jar;C:\Users\brajendraprasad\.m2\repository\com\google\code\findbugs\jsr305\1.3.9\jsr305-1.3.9.jar;C:\Users\brajendraprasad\.m2\repository\org\checkerframework\checker-compat-qual\2.0.0\checker-compat-qual-2.0.0.jar;C:\Users\brajendraprasad\.m2\repository\com\google\errorprone\error_prone_annotations\2.1.3\error_prone_annotations-2.1.3.jar;C:\Users\brajendraprasad\.m2\repository\com\google\j2objc\j2objc-annotations\1.1\j2objc-annotations-1.1.jar;C:\Users\brajendraprasad\.m2\repository\org\codehaus\mojo\animal-sniffer-annotations\1.14\animal-sniffer-annotations-1.14.jar;C:\Users\brajendraprasad\.m2\repository\com\squareup\okhttp3\okhttp\3.11.0\okhttp-3.11.0.jar;C:\Users\brajendraprasad\.m2\repository\com\squareup\okio\okio\1.14.0\okio-1.14.0.jar;C:\Users\brajendraprasad\.m2\repository\io\cucumber\cucumber-picocontainer\5.0.0-RC2\cucumber-picocontainer-5.0.0-RC2.jar;C:\Users\brajendraprasad\.m2\repository\org\picocontainer\picocontainer\2.15\picocontainer-2.15.jar;C:\Users\brajendraprasad\.m2\repository\net\masterthought\cucumber-reporting\5.5.2\cucumber-reporting-5.5.2.jar;C:\Users\brajendraprasad\.m2\repository\com\fasterxml\jackson\core\jackson-databind\2.12.1\jackson-databind-2.12.1.jar;C:\Users\brajendraprasad\.m2\repository\com\fasterxml\jackson\core\jackson-annotations\2.12.1\jackson-annotations-2.12.1.jar;C:\Users\brajendraprasad\.m2\repository\com\fasterxml\jackson\core\jackson-core\2.12.1\jackson-core-2.12.1.jar;C:\Users\brajendraprasad\.m2\repository\com\fasterxml\jackson\datatype\jackson-datatype-jsr310\2.12.1\jackson-datatype-jsr310-2.12.1.jar;C:\Users\brajendraprasad\.m2\repository\org\apache\velocity\velocity-engine-core\2.2\velocity-engine-core-2.2.jar;C:\Users\brajendraprasad\.m2\repository\org\slf4j\slf4j-api\1.7.30\slf4j-api-1.7.30.jar;C:\Users\brajendraprasad\.m2\repository\commons-collections\commons-collections\3.2.2\commons-collections-3.2.2.jar;C:\Users\brajendraprasad\.m2\repository\joda-time\joda-time\2.10.9\joda-time-2.10.9.jar;C:\Users\brajendraprasad\.m2\repository\org\apache\commons\commons-lang3\3.11\commons-lang3-3.11.jar;C:\Users\brajendraprasad\.m2\repository\commons-io\commons-io\2.6\commons-io-2.6.jar;C:\Users\brajendraprasad\.m2\repository\org\codehaus\plexus\plexus-utils\3.3.0\plexus-utils-3.3.0.jar;C:\Users\brajendraprasad\.m2\repository\org\jsoup\jsoup\1.13.1\jsoup-1.13.1.jar;C:\Users\brajendraprasad\.m2\repository\com\googlecode\owasp-java-html-sanitizer\owasp-java-html-sanitizer\20200713.1\owasp-java-html-sanitizer-20200713.1.jar;C:\Users\brajendraprasad\.m2\repository\commons-configuration\commons-configuration\1.10\commons-configuration-1.10.jar;C:\Users\brajendraprasad\.m2\repository\commons-lang\commons-lang\2.6\commons-lang-2.6.jar;C:\Users\brajendraprasad\.m2\repository\commons-logging\commons-logging\1.1.1\commons-logging-1.1.1.jar;C:\Users\brajendraprasad\.m2\repository\io\rest-assured\rest-assured\4.4.0\rest-assured-4.4.0.jar;C:\Users\brajendraprasad\.m2\repository\org\codehaus\groovy\groovy\3.0.8\groovy-3.0.8.jar;C:\Users\brajendraprasad\.m2\repository\org\codehaus\groovy\groovy-xml\3.0.8\groovy-xml-3.0.8.jar;C:\Users\brajendraprasad\.m2\repository\org\apache\httpcomponents\httpclient\4.5.13\httpclient-4.5.13.jar;C:\Users\brajendraprasad\.m2\repository\org\apache\httpcomponents\httpcore\4.4.13\httpcore-4.4.13.jar;C:\Users\brajendraprasad\.m2\repository\commons-codec\commons-codec\1.11\commons-codec-1.11.jar;C:\Users\brajendraprasad\.m2\repository\org\apache\httpcomponents\httpmime\4.5.13\httpmime-4.5.13.jar;C:\Users\brajendraprasad\.m2\repository\org\hamcrest\hamcrest\2.1\hamcrest-2.1.jar;C:\Users\brajendraprasad\.m2\repository\org\ccil\cowan\tagsoup\tagsoup\1.2.1\tagsoup-1.2.1.jar;C:\Users\brajendraprasad\.m2\repository\io\rest-assured\json-path\4.4.0\json-path-4.4.0.jar;C:\Users\brajendraprasad\.m2\repository\org\codehaus\groovy\groovy-json\3.0.8\groovy-json-3.0.8.jar;C:\Users\brajendraprasad\.m2\repository\io\rest-assured\rest-assured-common\4.4.0\rest-assured-common-4.4.0.jar;C:\Users\brajendraprasad\.m2\repository\io\rest-assured\xml-path\4.4.0\xml-path-4.4.0.jar;C:\Users\brajendraprasad\.m2\repository\jakarta\xml\bind\jakarta.xml.bind-api\2.3.3\jakarta.xml.bind-api-2.3.3.jar;C:\Users\brajendraprasad\.m2\repository\jakarta\activation\jakarta.activation-api\1.2.2\jakarta.activation-api-1.2.2.jar;C:\Users\brajendraprasad\.m2\repository\com\sun\xml\bind\jaxb-impl\2.3.3\jaxb-impl-2.3.3.jar;C:\Users\brajendraprasad\.m2\repository\io\rest-assured\json-schema-validator\3.0.0\json-schema-validator-3.0.0.jar;C:\Users\brajendraprasad\.m2\repository\com\github\fge\json-schema-validator\2.2.6\json-schema-validator-2.2.6.jar;C:\Users\brajendraprasad\.m2\repository\com\googlecode\libphonenumber\libphonenumber\6.2\libphonenumber-6.2.jar;C:\Users\brajendraprasad\.m2\repository\com\github\fge\json-schema-core\1.2.5\json-schema-core-1.2.5.jar;C:\Users\brajendraprasad\.m2\repository\com\github\fge\uri-template\0.9\uri-template-0.9.jar;C:\Users\brajendraprasad\.m2\repository\com\github\fge\msg-simple\1.1\msg-simple-1.1.jar;C:\Users\brajendraprasad\.m2\repository\com\github\fge\btf\1.2\btf-1.2.jar;C:\Users\brajendraprasad\.m2\repository\com\github\fge\jackson-coreutils\1.8\jackson-coreutils-1.8.jar;C:\Users\brajendraprasad\.m2\repository\org\mozilla\rhino\1.7R4\rhino-1.7R4.jar;C:\Users\brajendraprasad\.m2\repository\javax\mail\mailapi\1.4.3\mailapi-1.4.3.jar;C:\Users\brajendraprasad\.m2\repository\javax\activation\activation\1.1\activation-1.1.jar;C:\Users\brajendraprasad\.m2\repository\net\sf\jopt-simple\jopt-simple\4.6\jopt-simple-4.6.jar;C:\Users\brajendraprasad\.m2\repository\com\googlecode\json-simple\json-simple\1.1.1\json-simple-1.1.1.jar;"/>
    <property name="java.vm.vendor" value="Oracle Corporation"/>
    <property name="sun.arch.data.model" value="64"/>
    <property name="user.variant" value=""/>
    <property name="java.vendor.url" value="http://java.oracle.com/"/>
    <property name="user.timezone" value="America/New_York"/>
    <property name="java.vm.specification.version" value="1.8"/>
    <property name="os.name" value="Windows 10"/>
    <property name="user.country" value="US"/>
    <property name="sun.java.launcher" value="SUN_STANDARD"/>
    <property name="sun.boot.library.path" value="C:\Program Files\Java\jdk1.8.0_112\jre\bin"/>
    <property name="sun.java.command" value="C:\Users\BRAJEN~1\AppData\Local\Temp\surefire501904083639072669\surefirebooter2433887542528634781.jar C:\Users\brajendraprasad\AppData\Local\Temp\surefire501904083639072669 2022-10-10T06-06-49_265-jvmRun1 surefire1819985476836590368tmp surefire_06851336621725680277tmp"/>
    <property name="surefire.test.class.path" value="C:\api-cucumber-project\target\test-classes;C:\api-cucumber-project\target\classes;C:\Users\brajendraprasad\.m2\repository\io\cucumber\cucumber-java\5.0.0-RC2\cucumber-java-5.0.0-RC2.jar;C:\Users\brajendraprasad\.m2\repository\io\cucumber\cucumber-core\5.0.0-RC2\cucumber-core-5.0.0-RC2.jar;C:\Users\brajendraprasad\.m2\repository\io\cucumber\gherkin\5.2.0\gherkin-5.2.0.jar;C:\Users\brajendraprasad\.m2\repository\io\cucumber\gherkin-jvm-deps\1.0.6\gherkin-jvm-deps-1.0.6.jar;C:\Users\brajendraprasad\.m2\repository\io\cucumber\tag-expressions\2.0.2\tag-expressions-2.0.2.jar;C:\Users\brajendraprasad\.m2\repository\io\cucumber\cucumber-expressions\8.0.0\cucumber-expressions-8.0.0.jar;C:\Users\brajendraprasad\.m2\repository\org\hamcrest\hamcrest-library\2.1\hamcrest-library-2.1.jar;C:\Users\brajendraprasad\.m2\repository\io\cucumber\datatable\3.0.0\datatable-3.0.0.jar;C:\Users\brajendraprasad\.m2\repository\io\cucumber\datatable-dependencies\3.0.0\datatable-dependencies-3.0.0.jar;C:\Users\brajendraprasad\.m2\repository\io\cucumber\cucumber-plugin\5.0.0-RC2\cucumber-plugin-5.0.0-RC2.jar;C:\Users\brajendraprasad\.m2\repository\io\cucumber\docstring\5.0.0-RC2\docstring-5.0.0-RC2.jar;C:\Users\brajendraprasad\.m2\repository\org\apiguardian\apiguardian-api\1.1.0\apiguardian-api-1.1.0.jar;C:\Users\brajendraprasad\.m2\repository\io\cucumber\cucumber-junit\5.0.0-RC2\cucumber-junit-5.0.0-RC2.jar;C:\Users\brajendraprasad\.m2\repository\junit\junit\4.12\junit-4.12.jar;C:\Users\brajendraprasad\.m2\repository\org\hamcrest\hamcrest-core\1.3\hamcrest-core-1.3.jar;C:\Users\brajendraprasad\.m2\repository\org\seleniumhq\selenium\selenium-java\3.141.59\selenium-java-3.141.59.jar;C:\Users\brajendraprasad\.m2\repository\org\seleniumhq\selenium\selenium-api\3.141.59\selenium-api-3.141.59.jar;C:\Users\brajendraprasad\.m2\repository\org\seleniumhq\selenium\selenium-chrome-driver\3.141.59\selenium-chrome-driver-3.141.59.jar;C:\Users\brajendraprasad\.m2\repository\org\seleniumhq\selenium\selenium-edge-driver\3.141.59\selenium-edge-driver-3.141.59.jar;C:\Users\brajendraprasad\.m2\repository\org\seleniumhq\selenium\selenium-firefox-driver\3.141.59\selenium-firefox-driver-3.141.59.jar;C:\Users\brajendraprasad\.m2\repository\org\seleniumhq\selenium\selenium-ie-driver\3.141.59\selenium-ie-driver-3.141.59.jar;C:\Users\brajendraprasad\.m2\repository\org\seleniumhq\selenium\selenium-opera-driver\3.141.59\selenium-opera-driver-3.141.59.jar;C:\Users\brajendraprasad\.m2\repository\org\seleniumhq\selenium\selenium-remote-driver\3.141.59\selenium-remote-driver-3.141.59.jar;C:\Users\brajendraprasad\.m2\repository\org\seleniumhq\selenium\selenium-safari-driver\3.141.59\selenium-safari-driver-3.141.59.jar;C:\Users\brajendraprasad\.m2\repository\org\seleniumhq\selenium\selenium-support\3.141.59\selenium-support-3.141.59.jar;C:\Users\brajendraprasad\.m2\repository\net\bytebuddy\byte-buddy\1.8.15\byte-buddy-1.8.15.jar;C:\Users\brajendraprasad\.m2\repository\org\apache\commons\commons-exec\1.3\commons-exec-1.3.jar;C:\Users\brajendraprasad\.m2\repository\com\google\guava\guava\25.0-jre\guava-25.0-jre.jar;C:\Users\brajendraprasad\.m2\repository\com\google\code\findbugs\jsr305\1.3.9\jsr305-1.3.9.jar;C:\Users\brajendraprasad\.m2\repository\org\checkerframework\checker-compat-qual\2.0.0\checker-compat-qual-2.0.0.jar;C:\Users\brajendraprasad\.m2\repository\com\google\errorprone\error_prone_annotations\2.1.3\error_prone_annotations-2.1.3.jar;C:\Users\brajendraprasad\.m2\repository\com\google\j2objc\j2objc-annotations\1.1\j2objc-annotations-1.1.jar;C:\Users\brajendraprasad\.m2\repository\org\codehaus\mojo\animal-sniffer-annotations\1.14\animal-sniffer-annotations-1.14.jar;C:\Users\brajendraprasad\.m2\repository\com\squareup\okhttp3\okhttp\3.11.0\okhttp-3.11.0.jar;C:\Users\brajendraprasad\.m2\repository\com\squareup\okio\okio\1.14.0\okio-1.14.0.jar;C:\Users\brajendraprasad\.m2\repository\io\cucumber\cucumber-picocontainer\5.0.0-RC2\cucumber-picocontainer-5.0.0-RC2.jar;C:\Users\brajendraprasad\.m2\repository\org\picocontainer\picocontainer\2.15\picocontainer-2.15.jar;C:\Users\brajendraprasad\.m2\repository\net\masterthought\cucumber-reporting\5.5.2\cucumber-reporting-5.5.2.jar;C:\Users\brajendraprasad\.m2\repository\com\fasterxml\jackson\core\jackson-databind\2.12.1\jackson-databind-2.12.1.jar;C:\Users\brajendraprasad\.m2\repository\com\fasterxml\jackson\core\jackson-annotations\2.12.1\jackson-annotations-2.12.1.jar;C:\Users\brajendraprasad\.m2\repository\com\fasterxml\jackson\core\jackson-core\2.12.1\jackson-core-2.12.1.jar;C:\Users\brajendraprasad\.m2\repository\com\fasterxml\jackson\datatype\jackson-datatype-jsr310\2.12.1\jackson-datatype-jsr310-2.12.1.jar;C:\Users\brajendraprasad\.m2\repository\org\apache\velocity\velocity-engine-core\2.2\velocity-engine-core-2.2.jar;C:\Users\brajendraprasad\.m2\repository\org\slf4j\slf4j-api\1.7.30\slf4j-api-1.7.30.jar;C:\Users\brajendraprasad\.m2\repository\commons-collections\commons-collections\3.2.2\commons-collections-3.2.2.jar;C:\Users\brajendraprasad\.m2\repository\joda-time\joda-time\2.10.9\joda-time-2.10.9.jar;C:\Users\brajendraprasad\.m2\repository\org\apache\commons\commons-lang3\3.11\commons-lang3-3.11.jar;C:\Users\brajendraprasad\.m2\repository\commons-io\commons-io\2.6\commons-io-2.6.jar;C:\Users\brajendraprasad\.m2\repository\org\codehaus\plexus\plexus-utils\3.3.0\plexus-utils-3.3.0.jar;C:\Users\brajendraprasad\.m2\repository\org\jsoup\jsoup\1.13.1\jsoup-1.13.1.jar;C:\Users\brajendraprasad\.m2\repository\com\googlecode\owasp-java-html-sanitizer\owasp-java-html-sanitizer\20200713.1\owasp-java-html-sanitizer-20200713.1.jar;C:\Users\brajendraprasad\.m2\repository\commons-configuration\commons-configuration\1.10\commons-configuration-1.10.jar;C:\Users\brajendraprasad\.m2\repository\commons-lang\commons-lang\2.6\commons-lang-2.6.jar;C:\Users\brajendraprasad\.m2\repository\commons-logging\commons-logging\1.1.1\commons-logging-1.1.1.jar;C:\Users\brajendraprasad\.m2\repository\io\rest-assured\rest-assured\4.4.0\rest-assured-4.4.0.jar;C:\Users\brajendraprasad\.m2\repository\org\codehaus\groovy\groovy\3.0.8\groovy-3.0.8.jar;C:\Users\brajendraprasad\.m2\repository\org\codehaus\groovy\groovy-xml\3.0.8\groovy-xml-3.0.8.jar;C:\Users\brajendraprasad\.m2\repository\org\apache\httpcomponents\httpclient\4.5.13\httpclient-4.5.13.jar;C:\Users\brajendraprasad\.m2\repository\org\apache\httpcomponents\httpcore\4.4.13\httpcore-4.4.13.jar;C:\Users\brajendraprasad\.m2\repository\commons-codec\commons-codec\1.11\commons-codec-1.11.jar;C:\Users\brajendraprasad\.m2\repository\org\apache\httpcomponents\httpmime\4.5.13\httpmime-4.5.13.jar;C:\Users\brajendraprasad\.m2\repository\org\hamcrest\hamcrest\2.1\hamcrest-2.1.jar;C:\Users\brajendraprasad\.m2\repository\org\ccil\cowan\tagsoup\tagsoup\1.2.1\tagsoup-1.2.1.jar;C:\Users\brajendraprasad\.m2\repository\io\rest-assured\json-path\4.4.0\json-path-4.4.0.jar;C:\Users\brajendraprasad\.m2\repository\org\codehaus\groovy\groovy-json\3.0.8\groovy-json-3.0.8.jar;C:\Users\brajendraprasad\.m2\repository\io\rest-assured\rest-assured-common\4.4.0\rest-assured-common-4.4.0.jar;C:\Users\brajendraprasad\.m2\repository\io\rest-assured\xml-path\4.4.0\xml-path-4.4.0.jar;C:\Users\brajendraprasad\.m2\repository\jakarta\xml\bind\jakarta.xml.bind-api\2.3.3\jakarta.xml.bind-api-2.3.3.jar;C:\Users\brajendraprasad\.m2\repository\jakarta\activation\jakarta.activation-api\1.2.2\jakarta.activation-api-1.2.2.jar;C:\Users\brajendraprasad\.m2\repository\com\sun\xml\bind\jaxb-impl\2.3.3\jaxb-impl-2.3.3.jar;C:\Users\brajendraprasad\.m2\repository\io\rest-assured\json-schema-validator\3.0.0\json-schema-validator-3.0.0.jar;C:\Users\brajendraprasad\.m2\repository\com\github\fge\json-schema-validator\2.2.6\json-schema-validator-2.2.6.jar;C:\Users\brajendraprasad\.m2\repository\com\googlecode\libphonenumber\libphonenumber\6.2\libphonenumber-6.2.jar;C:\Users\brajendraprasad\.m2\repository\com\github\fge\json-schema-core\1.2.5\json-schema-core-1.2.5.jar;C:\Users\brajendraprasad\.m2\repository\com\github\fge\uri-template\0.9\uri-template-0.9.jar;C:\Users\brajendraprasad\.m2\repository\com\github\fge\msg-simple\1.1\msg-simple-1.1.jar;C:\Users\brajendraprasad\.m2\repository\com\github\fge\btf\1.2\btf-1.2.jar;C:\Users\brajendraprasad\.m2\repository\com\github\fge\jackson-coreutils\1.8\jackson-coreutils-1.8.jar;C:\Users\brajendraprasad\.m2\repository\org\mozilla\rhino\1.7R4\rhino-1.7R4.jar;C:\Users\brajendraprasad\.m2\repository\javax\mail\mailapi\1.4.3\mailapi-1.4.3.jar;C:\Users\brajendraprasad\.m2\repository\javax\activation\activation\1.1\activation-1.1.jar;C:\Users\brajendraprasad\.m2\repository\net\sf\jopt-simple\jopt-simple\4.6\jopt-simple-4.6.jar;C:\Users\brajendraprasad\.m2\repository\com\googlecode\json-simple\json-simple\1.1.1\json-simple-1.1.1.jar;"/>
    <property name="sun.cpu.endian" value="little"/>
    <property name="user.home" value="C:\Users\brajendraprasad"/>
    <property name="user.language" value="en"/>
    <property name="java.specification.vendor" value="Oracle Corporation"/>
    <property name="java.home" value="C:\Program Files\Java\jdk1.8.0_112\jre"/>
    <property name="basedir" value="C:\api-cucumber-project"/>
    <property name="file.separator" value="\"/>
    <property name="line.separator" value="&#10;"/>
    <property name="java.vm.specification.vendor" value="Oracle Corporation"/>
    <property name="java.specification.name" value="Java Platform API Specification"/>
    <property name="java.awt.graphicsenv" value="sun.awt.Win32GraphicsEnvironment"/>
    <property name="surefire.real.class.path" value="C:\Users\BRAJEN~1\AppData\Local\Temp\surefire501904083639072669\surefirebooter2433887542528634781.jar"/>
    <property name="sun.boot.class.path" value="C:\Program Files\Java\jdk1.8.0_112\jre\lib\resources.jar;C:\Program Files\Java\jdk1.8.0_112\jre\lib\rt.jar;C:\Program Files\Java\jdk1.8.0_112\jre\lib\sunrsasign.jar;C:\Program Files\Java\jdk1.8.0_112\jre\lib\jsse.jar;C:\Program Files\Java\jdk1.8.0_112\jre\lib\jce.jar;C:\Program Files\Java\jdk1.8.0_112\jre\lib\charsets.jar;C:\Program Files\Java\jdk1.8.0_112\jre\lib\jfr.jar;C:\Program Files\Java\jdk1.8.0_112\jre\classes"/>
    <property name="user.script" value=""/>
    <property name="sun.management.compiler" value="HotSpot 64-Bit Tiered Compilers"/>
    <property name="java.runtime.version" value="1.8.0_112-b15"/>
    <property name="user.name" value="brajendraprasad"/>
    <property name="path.separator" value=";"/>
    <property name="os.version" value="10.0"/>
    <property name="java.endorsed.dirs" value="C:\Program Files\Java\jdk1.8.0_112\jre\lib\endorsed"/>
    <property name="java.runtime.name" value="Java(TM) SE Runtime Environment"/>
    <property name="file.encoding" value="Cp1252"/>
    <property name="java.vm.name" value="Java HotSpot(TM) 64-Bit Server VM"/>
    <property name="localRepository" value="C:\Users\brajendraprasad\.m2\repository"/>
    <property name="java.vendor.url.bug" value="http://bugreport.sun.com/bugreport/"/>
    <property name="java.io.tmpdir" value="C:\Users\BRAJEN~1\AppData\Local\Temp\"/>
    <property name="java.version" value="1.8.0_112"/>
    <property name="user.dir" value="C:\api-cucumber-project"/>
    <property name="os.arch" value="amd64"/>
    <property name="java.vm.specification.name" value="Java Virtual Machine Specification"/>
    <property name="java.awt.printerjob" value="sun.awt.windows.WPrinterJob"/>
    <property name="sun.os.patch.level" value=""/>
    <property name="java.library.path" value="C:\Program Files\Java\jdk1.8.0_112\jre\bin;C:\WINDOWS\Sun\Java\bin;C:\WINDOWS\system32;C:\WINDOWS;C:\Users\brajendraprasad\bin;C:\Program Files\Git\mingw64\bin;C:\Program Files\Git\usr\local\bin;C:\Program Files\Git\usr\bin;C:\Program Files\Git\usr\bin;C:\Program Files\Git\mingw64\bin;C:\Program Files\Git\usr\bin;C:\Users\brajendraprasad\bin;C:\Oracle19c\product\19.0.0\client_1\bin;C:\ProgramData\DockerDesktop\version-bin;C:\Program Files\Docker\Docker\Resources\bin;C:\Program Files (x86)\Common Files\Oracle\Java\javapath;C:\oracle12c\product\12.2.0\client_1\bin;C:\ProgramData\Oracle\Java\javapath;C:\WINDOWS\system32;C:\WINDOWS;C:\WINDOWS\System32\Wbem;C:\WINDOWS\System32\WindowsPowerShell\v1.0;C:\Program Files\Git\cmd;C:\Program Files\Git\mingw64\bin;C:\Program Files\Git\usr\bin;C:\Program Files\PuTTY;C:\WINDOWS\System32\OpenSSH;C:\Program Files\nodejs;C:\Python\Python38\Scripts;C:\Python\Python38;C:\Users\brajendraprasad\AppData\Local\Microsoft\WindowsApps;C:\Program Files\Java\jdk1.8.0_112\bin;C:\maven\apache-maven-3.6.3\bin;C:\Gradle\gradle-5.2-all\gradle-5.2\bin;C:\jemter\apache-jmeter-4.0\apache-jmeter-4.0;C:\Users\brajendraprasad\AppData\Local\Programs\Microsoft VS Code\bin;C:\Users\brajendraprasad\AppData\Roaming\npm;C:\Program Files\JetBrains\IntelliJ IDEA Community Edition 2022.1\bin;C:\Users\brajendraprasad\AppData\Local\JetBrains\Toolbox\scripts;C:\Users\brajendraprasad\AppData\Local\Microsoft\WindowsApps;C:\Users\brajendraprasad\AppData\Local\GitHubDesktop\bin;C:\Program Files\Git\usr\bin\vendor_perl;C:\Program Files\Git\usr\bin\core_perl;."/>
    <property name="java.vm.info" value="mixed mode"/>
    <property name="java.vendor" value="Oracle Corporation"/>
    <property name="java.vm.version" value="25.112-b15"/>
    <property name="java.ext.dirs" value="C:\Program Files\Java\jdk1.8.0_112\jre\lib\ext;C:\WINDOWS\Sun\Java\lib\ext"/>
    <property name="sun.io.unicode.encoding" value="UnicodeLittle"/>
    <property name="java.class.version" value="52.0"/>
  </properties>
  <testcase name="the Authorized user can Add and Remove a book." classname="End to End Tests for Book Store" time="4.172">
    <failure message="expected:&lt;201&gt; but was:&lt;401&gt;" type="java.lang.AssertionError"><![CDATA[java.lang.AssertionError: expected:<201> but was:<401>
]]></failure>
    <system-out><![CDATA[Feature: End to End Tests for Book Store

  Background: User generates token for Authorisation &amp#27;[90m# src/test/resources/E2EApiTest.feature:9&amp#27;[0m
    &amp#27;[32mGiven &amp#27;[0m&amp#27;[32mI am an authorized user&amp#27;[0m                    &amp#27;[90m# com.apitesting.steps.Steps.i_am_an_authorized_user() in file:/C:/api-cucumber-project/target/test-classes/&amp#27;[0m

  Scenario: the Authorized user can Add and Remove a book. &amp#27;[90m# src/test/resources/E2EApiTest.feature:12&amp#27;[0m
    &amp#27;[32mGiven &amp#27;[0m&amp#27;[32mA list of books are available&amp#27;[0m                    &amp#27;[90m# com.apitesting.steps.Steps.a_list_of_books_are_available() in file:/C:/api-cucumber-project/target/test-classes/&amp#27;[0m
    &amp#27;[32mWhen &amp#27;[0m&amp#27;[32mI add a book to my reading list&amp#27;[0m                   &amp#27;[90m# com.apitesting.steps.Steps.i_add_a_book_to_my_reading_list() in file:/C:/api-cucumber-project/target/test-classes/&amp#27;[0m
    &amp#27;[31mThen &amp#27;[0m&amp#27;[31mthe book is added&amp#27;[0m                                 &amp#27;[90m# com.apitesting.steps.Steps.the_book_is_added() in file:/C:/api-cucumber-project/target/test-classes/&amp#27;[0m
      &amp#27;[31mjava.lang.AssertionError: expected:<201> but was:<401>
	at org.junit.Assert.fail(Assert.java:88)
	at org.junit.Assert.failNotEquals(Assert.java:834)
	at org.junit.Assert.assertEquals(Assert.java:645)
	at org.junit.Assert.assertEquals(Assert.java:631)
	at com.apitesting.steps.Steps.the_book_is_added(Steps.java:75)
	at ?.the book is added(///C:/api-cucumber-project/src/test/resources/E2EApiTest.feature:15)
&amp#27;[0m
    &amp#27;[36mAnd &amp#27;[0m&amp#27;[36mI update the book from my reading list&amp#27;[0m             &amp#27;[90m# com.apitesting.steps.Steps.i_update_the_book_from_my_reading_list() in file:/C:/api-cucumber-project/target/test-classes/&amp#27;[0m
    &amp#27;[36mAnd &amp#27;[0m&amp#27;[36mthe book is updated&amp#27;[0m                                &amp#27;[90m# com.apitesting.steps.Steps.the_book_is_updated() in file:/C:/api-cucumber-project/target/test-classes/&amp#27;[0m
    &amp#27;[36mWhen &amp#27;[0m&amp#27;[36mI remove a book from my reading list&amp#27;[0m              &amp#27;[90m# com.apitesting.steps.Steps.i_remove_a_book_from_my_reading_list() in file:/C:/api-cucumber-project/target/test-classes/&amp#27;[0m
    &amp#27;[36mThen &amp#27;[0m&amp#27;[36mthe book is removed&amp#27;[0m                               &amp#27;[90m# com.apitesting.steps.Steps.the_book_is_removed() in file:/C:/api-cucumber-project/target/test-classes/&amp#27;[0m

&amp#27;[31mFailed scenarios:&amp#27;[0m
&amp#27;[31m///C:/api-cucumber-project/src/test/resources/E2EApiTest.feature:12 &amp#27;[0m# the Authorized user can Add and Remove a book.

1 Scenarios (&amp#27;[31m1 failed&amp#27;[0m)
8 Steps (&amp#27;[31m1 failed&amp#27;[0m, &amp#27;[36m4 skipped&amp#27;[0m, &amp#27;[32m3 passed&amp#27;[0m)
0m4.175s


java.lang.AssertionError: expected:<201> but was:<401>
	at org.junit.Assert.fail(Assert.java:88)
	at org.junit.Assert.failNotEquals(Assert.java:834)
	at org.junit.Assert.assertEquals(Assert.java:645)
	at org.junit.Assert.assertEquals(Assert.java:631)
	at com.apitesting.steps.Steps.the_book_is_added(Steps.java:75)
	at ?.the book is added(///C:/api-cucumber-project/src/test/resources/E2EApiTest.feature:15)


]]></system-out>
  </testcase>
</testsuite>